<?xml version="1.0" encoding="UTF-8"?>
<persistence
	xmlns="https://jakarta.ee/xml/ns/persistence"
	xmlns:xsi="http://www.w3.org/2001/XMLSchema-instance"
	xsi:schemaLocation="https://jakarta.ee/xml/ns/persistence https://jakarta.ee/xml/ns/persistence/persistence_3_0.xsd"
	version="3.0">

    <persistence-unit name="topcat">
        <provider>org.eclipse.persistence.jpa.PersistenceProvider</provider>
        <properties>
            <property name="javax.persistence.jdbc.url"    value="jdbc:mysql://localhost:3306/topcat" />
            <property name="eclipselink.jdbc.user" value="root"/>
            <property name="eclipselink.jdbc.password" value="vcf21513"/>
            <property name="eclipselink.jdbc.driver" value="com.mysql.jdbc.Driver"/>
            <property name="eclipselink.ddl-generation" value="drop-and-create-tables"/>
            <property name="eclipselink.logging.level.sql" value="FINE"/>
            <property name="eclipselink.logging.parameters" value="true"/>
        </properties>
    </persistence-unit>
</persistence>
